<?xml version="1.0" encoding="UTF-8"?>
<!-- Generated by org.testng.reporters.JUnitXMLReporter -->
<testsuite ignored="0" hostname="DESKTOP-K4O38B7" failures="0" tests="14" name="TutorialsNinja Tests" time="125.35" errors="0" timestamp="2024-02-03T01:43:26 GTS">
  <testcase classname="com.tutorialsninja.qa.testcases.Register" name="VerifyRegisteringAnAccountByProvidingOnlyTheMandatoryFields" time="6.61"/>
  <testcase classname="com.tutorialsninja.qa.testcases.Register" name="VerifyProperNotificationMessagesAreDisplayedForTheMandatoryFields" time="0.887"/>
  <testcase classname="com.tutorialsninja.qa.testcases.Register" name="VerifyRegisteringAnAccountByEnteringDifferentPasswordsIntoPasswordAndConfirmFields" time="1.0"/>
  <testcase classname="com.tutorialsninja.qa.testcases.Register" name="VerifyRegisteringAnAccountProvidingExistingAccountDetails" time="0.953"/>
  <testcase classname="com.tutorialsninja.qa.testcases.Register" name="VerifyRegisteringAnAccountByProvidingInvalidEmailAddressTotheEMailField" time="0.917"/>
  <testcase classname="com.tutorialsninja.qa.testcases.Login" name="verifyLoginWithValidCredentials" time="1.019"/>
  <testcase classname="com.tutorialsninja.qa.testcases.Login" name="verifyLoginWithInvalidCredentials" time="5.68"/>
  <testcase classname="com.tutorialsninja.qa.testcases.Login" name="verifyLoginWithInvalidEmailAndValidPassword" time="5.662"/>
  <testcase classname="com.tutorialsninja.qa.testcases.Login" name="verifyLoginWithValidEmailAndInvalidPassword" time="5.605"/>
  <testcase classname="com.tutorialsninja.qa.testcases.Login" name="verifyLoginWithoutProvidingAnyCredentials" time="5.516"/>
  <testcase classname="com.tutorialsninja.qa.testcases.Login" name="verifyForgotPasswordLinkIsAvailableOnLoginPageAndWorking" time="0.588"/>
  <testcase classname="com.tutorialsninja.qa.testcases.Search" name="VerifySearchingWithAnExistingProductName" time="0.539"/>
  <testcase classname="com.tutorialsninja.qa.testcases.Search" name="VerifySearchingWithNonExistingProductName" time="0.41"/>
  <testcase classname="com.tutorialsninja.qa.testcases.Search" name="VerifySearchingWithoutProvidingAnyProductName" time="0.416"/>
</testsuite> <!-- TutorialsNinja Tests -->
