<?xml version="1.0" encoding="UTF-8"?>
<!-- Generated by org.testng.reporters.JUnitXMLReporter -->
<testsuite ignored="0" hostname="DESKTOP-K4O38B7" failures="1" tests="20" name="Test" time="169.011" errors="0" timestamp="2024-02-06T01:41:54 GTS">
  <testcase classname="com.tutorialsninja.qa.testcases.Login" name="veryLogin" time="1.088"/>
  <testcase classname="com.tutorialsninja.qa.testcases.Login" name="veryLogin" time="1.051"/>
  <testcase classname="com.tutorialsninja.qa.testcases.Login" name="veryLogin" time="1.005"/>
  <testcase classname="com.tutorialsninja.qa.testcases.Login" name="veryLoginWithEcxelData" time="1.057"/>
  <testcase classname="com.tutorialsninja.qa.testcases.Login" name="veryLoginWithEcxelData" time="0.989"/>
  <testcase classname="com.tutorialsninja.qa.testcases.Login" name="veryLoginWithEcxelData" time="0.009">
    <failure type="java.lang.IllegalArgumentException" message="Keys to send should be a not null CharSequence">
      <![CDATA[java.lang.IllegalArgumentException: Keys to send should be a not null CharSequence
at org.openqa.selenium.remote.RemoteWebElement.sendKeys(RemoteWebElement.java:96)
at com.tutorialsninja.qa.testcases.Login.veryLoginWithEcxelData(Login.java:95)
at java.base/java.util.ArrayList.forEach(ArrayList.java:1596)
... Removed 25 stack frames]]>
    </failure>
  </testcase> <!-- veryLoginWithEcxelData -->
  <testcase classname="com.tutorialsninja.qa.testcases.Login" name="verifyLoginWithValidCredentials" time="1.103"/>
  <testcase classname="com.tutorialsninja.qa.testcases.Login" name="verifyLoginWithInvalidCredentials" time="5.917"/>
  <testcase classname="com.tutorialsninja.qa.testcases.Login" name="verifyLoginWithInvalidEmailAndValidPassword" time="5.723"/>
  <testcase classname="com.tutorialsninja.qa.testcases.Login" name="verifyLoginWithValidEmailAndInvalidPassword" time="5.724"/>
  <testcase classname="com.tutorialsninja.qa.testcases.Login" name="verifyLoginWithoutProvidingAnyCredentials" time="5.68"/>
  <testcase classname="com.tutorialsninja.qa.testcases.Login" name="verifyForgotPasswordLinkIsAvailableOnLoginPageAndWorking" time="0.613"/>
  <testcase classname="com.tutorialsninja.qa.testcases.Register" name="VerifyRegisteringAnAccountByProvidingOnlyTheMandatoryFields" time="6.696"/>
  <testcase classname="com.tutorialsninja.qa.testcases.Register" name="VerifyProperNotificationMessagesAreDisplayedForTheMandatoryFields" time="0.889"/>
  <testcase classname="com.tutorialsninja.qa.testcases.Register" name="VerifyRegisteringAnAccountByEnteringDifferentPasswordsIntoPasswordAndConfirmFields" time="1.016"/>
  <testcase classname="com.tutorialsninja.qa.testcases.Register" name="VerifyRegisteringAnAccountProvidingExistingAccountDetails" time="0.939"/>
  <testcase classname="com.tutorialsninja.qa.testcases.Register" name="VerifyRegisteringAnAccountByProvidingInvalidEmailAddressTotheEMailField" time="0.953"/>
  <testcase classname="com.tutorialsninja.qa.testcases.Search" name="VerifySearchingWithAnExistingProductName" time="0.578"/>
  <testcase classname="com.tutorialsninja.qa.testcases.Search" name="VerifySearchingWithNonExistingProductName" time="0.467"/>
  <testcase classname="com.tutorialsninja.qa.testcases.Search" name="VerifySearchingWithoutProvidingAnyProductName" time="0.428"/>
</testsuite> <!-- Test -->
